Traceback (most recent call last):
  File "/opt/hostedtoolcache/Python/3.10.10/x64/lib/python3.10/site-packages/jupyter_cache/executors/utils.py", line 58, in single_nb_execution
    executenb(
  File "/opt/hostedtoolcache/Python/3.10.10/x64/lib/python3.10/site-packages/nbclient/client.py", line 1204, in execute
    return NotebookClient(nb=nb, resources=resources, km=km, **kwargs).execute()
  File "/opt/hostedtoolcache/Python/3.10.10/x64/lib/python3.10/site-packages/nbclient/util.py", line 84, in wrapped
    return just_run(coro(*args, **kwargs))
  File "/opt/hostedtoolcache/Python/3.10.10/x64/lib/python3.10/site-packages/nbclient/util.py", line 62, in just_run
    return loop.run_until_complete(coro)
  File "/opt/hostedtoolcache/Python/3.10.10/x64/lib/python3.10/asyncio/base_events.py", line 649, in run_until_complete
    return future.result()
  File "/opt/hostedtoolcache/Python/3.10.10/x64/lib/python3.10/site-packages/nbclient/client.py", line 663, in async_execute
    await self.async_execute_cell(
  File "/opt/hostedtoolcache/Python/3.10.10/x64/lib/python3.10/site-packages/nbclient/client.py", line 965, in async_execute_cell
    await self._check_raise_for_error(cell, cell_index, exec_reply)
  File "/opt/hostedtoolcache/Python/3.10.10/x64/lib/python3.10/site-packages/nbclient/client.py", line 862, in _check_raise_for_error
    raise CellExecutionError.from_cell_and_msg(cell, exec_reply_content)
nbclient.exceptions.CellExecutionError: An error occurred while executing the following cell:
------------------
cd.set_attr(Q=Q_design)
cp.set_attr(design=[], offdesign=[], eta_s=cp.eta_s.design, eta_s_char=None)
ev.set_attr(design=["ttd_l"], offdesign=["kA_char"])

# check if the model runs
nwk.solve("offdesign", design_path="R290-design-state")
c11.m.val_SI
------------------

[0;31m---------------------------------------------------------------------------[0m
[0;31mValueError[0m                                Traceback (most recent call last)
File [0;32m/opt/hostedtoolcache/Python/3.10.10/x64/lib/python3.10/site-packages/tespy/networks/network.py:2011[0m, in [0;36mNetwork.solve_check_props[0;34m(self, c)[0m
[1;32m   2010[0m [38;5;28;01mtry[39;00m:
[0;32m-> 2011[0m     hmin [38;5;241m=[39m [43mfp[49m[38;5;241;43m.[39;49m[43mh_pT[49m[43m([49m
[1;32m   2012[0m [43m        [49m[43mc[49m[38;5;241;43m.[39;49m[43mp[49m[38;5;241;43m.[39;49m[43mval_SI[49m[43m,[49m[43m [49m[43mfp[49m[38;5;241;43m.[39;49m[43mMemorise[49m[38;5;241;43m.[39;49m[43mvalue_range[49m[43m[[49m[43mfl[49m[43m][49m[43m[[49m[38;5;241;43m2[39;49m[43m][49m[43m [49m[38;5;241;43m*[39;49m[43m [49m[38;5;241;43m1.001[39;49m[43m,[49m[43m [49m[43mfl[49m[43m)[49m
[1;32m   2013[0m [38;5;28;01mexcept[39;00m [38;5;167;01mValueError[39;00m:

File [0;32m/opt/hostedtoolcache/Python/3.10.10/x64/lib/python3.10/site-packages/tespy/tools/fluid_properties.py:598[0m, in [0;36mh_pT[0;34m(p, T, fluid, force_gas)[0m
[1;32m    596[0m         [38;5;28;01mreturn[39;00m [38;5;28mmax[39m(h, h_sat)
[0;32m--> 598[0m [43mMemorise[49m[38;5;241;43m.[39;49m[43mstate[49m[43m[[49m[43mfluid[49m[43m][49m[38;5;241;43m.[39;49m[43mupdate[49m[43m([49m[43mCP[49m[38;5;241;43m.[39;49m[43mPT_INPUTS[49m[43m,[49m[43m [49m[43mp[49m[43m,[49m[43m [49m[43mT[49m[43m)[49m
[1;32m    599[0m [38;5;28;01mreturn[39;00m Memorise[38;5;241m.[39mstate[fluid][38;5;241m.[39mhmass()

File [0;32mCoolProp/AbstractState.pyx:102[0m, in [0;36mCoolProp.CoolProp.AbstractState.update[0;34m()[0m

File [0;32mCoolProp/AbstractState.pyx:104[0m, in [0;36mCoolProp.CoolProp.AbstractState.update[0;34m()[0m

[0;31mValueError[0m: The pressure [nan Pa] cannot be used in p_phase_determination

During handling of the above exception, another exception occurred:

[0;31mValueError[0m                                Traceback (most recent call last)
Cell [0;32mIn[6], line 6[0m
[1;32m      3[0m ev[38;5;241m.[39mset_attr(design[38;5;241m=[39m[[38;5;124m"[39m[38;5;124mttd_l[39m[38;5;124m"[39m], offdesign[38;5;241m=[39m[[38;5;124m"[39m[38;5;124mkA_char[39m[38;5;124m"[39m])
[1;32m      5[0m [38;5;66;03m# check if the model runs[39;00m
[0;32m----> 6[0m [43mnwk[49m[38;5;241;43m.[39;49m[43msolve[49m[43m([49m[38;5;124;43m"[39;49m[38;5;124;43moffdesign[39;49m[38;5;124;43m"[39;49m[43m,[49m[43m [49m[43mdesign_path[49m[38;5;241;43m=[39;49m[38;5;124;43m"[39;49m[38;5;124;43mR290-design-state[39;49m[38;5;124;43m"[39;49m[43m)[49m
[1;32m      7[0m c11[38;5;241m.[39mm[38;5;241m.[39mval_SI

File [0;32m/opt/hostedtoolcache/Python/3.10.10/x64/lib/python3.10/site-packages/tespy/networks/network.py:1662[0m, in [0;36mNetwork.solve[0;34m(self, mode, init_path, design_path, max_iter, min_iter, init_only, init_previous, use_cuda, always_all_equations)[0m
[1;32m   1659[0m logging[38;5;241m.[39minfo(msg)
[1;32m   1661[0m [38;5;28mself[39m[38;5;241m.[39msolve_determination()
[0;32m-> 1662[0m [38;5;28;43mself[39;49m[38;5;241;43m.[39;49m[43msolve_loop[49m[43m([49m[43m)[49m
[1;32m   1664[0m [38;5;28;01mif[39;00m [38;5;28mself[39m[38;5;241m.[39mlin_dep:
[1;32m   1665[0m     msg [38;5;241m=[39m (
[1;32m   1666[0m         [38;5;124m'[39m[38;5;124mSingularity in jacobian matrix, calculation aborted! Make [39m[38;5;124m'[39m
[1;32m   1667[0m         [38;5;124m'[39m[38;5;124msure your network does not have any linear dependencies in [39m[38;5;124m'[39m
[0;32m   (...)[0m
[1;32m   1674[0m         [38;5;124m'[39m[38;5;124mof combustion chamber, provide small (near to zero, but not [39m[38;5;124m'[39m
[1;32m   1675[0m         [38;5;124m'[39m[38;5;124mzero) starting value.[39m[38;5;124m'[39m)

File [0;32m/opt/hostedtoolcache/Python/3.10.10/x64/lib/python3.10/site-packages/tespy/networks/network.py:1712[0m, in [0;36mNetwork.solve_loop[0;34m(self)[0m
[1;32m   1709[0m [38;5;28;01mfor[39;00m [38;5;28mself[39m[38;5;241m.[39miter [38;5;129;01min[39;00m [38;5;28mrange[39m([38;5;28mself[39m[38;5;241m.[39mmax_iter):
[1;32m   1711[0m     [38;5;28mself[39m[38;5;241m.[39mincrement_filter [38;5;241m=[39m np[38;5;241m.[39mabsolute([38;5;28mself[39m[38;5;241m.[39mincrement) [38;5;241m<[39m err [38;5;241m*[39m[38;5;241m*[39m [38;5;241m2[39m
[0;32m-> 1712[0m     [38;5;28;43mself[39;49m[38;5;241;43m.[39;49m[43msolve_control[49m[43m([49m[43m)[49m
[1;32m   1713[0m     [38;5;28mself[39m[38;5;241m.[39mres [38;5;241m=[39m np[38;5;241m.[39mappend([38;5;28mself[39m[38;5;241m.[39mres, norm([38;5;28mself[39m[38;5;241m.[39mresidual))
[1;32m   1715[0m     [38;5;28;01mif[39;00m [38;5;28mself[39m[38;5;241m.[39miterinfo:

File [0;32m/opt/hostedtoolcache/Python/3.10.10/x64/lib/python3.10/site-packages/tespy/networks/network.py:1934[0m, in [0;36mNetwork.solve_control[0;34m(self)[0m
[1;32m   1931[0m             j [38;5;241m+[39m[38;5;241m=[39m [38;5;241m1[39m
[1;32m   1933[0m     [38;5;66;03m# check the fluid properties for physical ranges[39;00m
[0;32m-> 1934[0m     [38;5;28;43mself[39;49m[38;5;241;43m.[39;49m[43msolve_check_props[49m[43m([49m[43mc[49m[43m)[49m
[1;32m   1935[0m     i [38;5;241m+[39m[38;5;241m=[39m [38;5;241m1[39m
[1;32m   1937[0m [38;5;66;03m# increment for the custom variables[39;00m

File [0;32m/opt/hostedtoolcache/Python/3.10.10/x64/lib/python3.10/site-packages/tespy/networks/network.py:2015[0m, in [0;36mNetwork.solve_check_props[0;34m(self, c)[0m
[1;32m   2013[0m [38;5;28;01mexcept[39;00m [38;5;167;01mValueError[39;00m:
[1;32m   2014[0m     f [38;5;241m=[39m [38;5;241m1.05[39m
[0;32m-> 2015[0m     hmin [38;5;241m=[39m [43mfp[49m[38;5;241;43m.[39;49m[43mh_pT[49m[43m([49m
[1;32m   2016[0m [43m        [49m[43mc[49m[38;5;241;43m.[39;49m[43mp[49m[38;5;241;43m.[39;49m[43mval_SI[49m[43m,[49m[43m [49m[43mfp[49m[38;5;241;43m.[39;49m[43mMemorise[49m[38;5;241;43m.[39;49m[43mvalue_range[49m[43m[[49m[43mfl[49m[43m][49m[43m[[49m[38;5;241;43m2[39;49m[43m][49m[43m [49m[38;5;241;43m*[39;49m[43m [49m[43mf[49m[43m,[49m[43m [49m[43mfl[49m[43m)[49m
[1;32m   2018[0m T [38;5;241m=[39m fp[38;5;241m.[39mMemorise[38;5;241m.[39mvalue_range[fl][[38;5;241m3[39m]
[1;32m   2019[0m [38;5;28;01mwhile[39;00m [38;5;28;01mTrue[39;00m:

File [0;32m/opt/hostedtoolcache/Python/3.10.10/x64/lib/python3.10/site-packages/tespy/tools/fluid_properties.py:598[0m, in [0;36mh_pT[0;34m(p, T, fluid, force_gas)[0m
[1;32m    595[0m         h_sat [38;5;241m=[39m Memorise[38;5;241m.[39mstate[fluid][38;5;241m.[39mhmass()
[1;32m    596[0m         [38;5;28;01mreturn[39;00m [38;5;28mmax[39m(h, h_sat)
[0;32m--> 598[0m [43mMemorise[49m[38;5;241;43m.[39;49m[43mstate[49m[43m[[49m[43mfluid[49m[43m][49m[38;5;241;43m.[39;49m[43mupdate[49m[43m([49m[43mCP[49m[38;5;241;43m.[39;49m[43mPT_INPUTS[49m[43m,[49m[43m [49m[43mp[49m[43m,[49m[43m [49m[43mT[49m[43m)[49m
[1;32m    599[0m [38;5;28;01mreturn[39;00m Memorise[38;5;241m.[39mstate[fluid][38;5;241m.[39mhmass()

File [0;32mCoolProp/AbstractState.pyx:102[0m, in [0;36mCoolProp.CoolProp.AbstractState.update[0;34m()[0m

File [0;32mCoolProp/AbstractState.pyx:104[0m, in [0;36mCoolProp.CoolProp.AbstractState.update[0;34m()[0m

[0;31mValueError[0m: The pressure [nan Pa] cannot be used in p_phase_determination
ValueError: The pressure [nan Pa] cannot be used in p_phase_determination

